Using pre-set license
Built from '2021.2/staging' branch; Version is '2021.2.0b4 (af9ec38f7da3) revision 11509443'; Using compiler version '192829333'; Build Type 'Release'
OS: 'Windows 10 Home Single Language; OS build 18363.1500; Version 1909; 64bit' Language: 'en' Physical Memory: 16147 MB
BatchMode: 1, IsHumanControllingUs: 0, StartBugReporterOnCrash: 0, Is64bit: 1, IsPro: 0

COMMAND LINE ARGUMENTS:
E:\unity projects\2021.2.0b4\Editor\Unity.exe
-adb2
-batchMode
-noUpm
-name
AssetImportWorker0
-projectPath
E:/unity projects/ColorSwitch/ColorSwitch
-logFile
Logs/AssetImportWorker0.log
-srvPort
57632
Successfully changed project path to: E:/unity projects/ColorSwitch/ColorSwitch
E:/unity projects/ColorSwitch/ColorSwitch
[UnityMemory] Configuration Parameters - Can be set up in boot.config
    "memorysetup-bucket-allocator-granularity=16"
    "memorysetup-bucket-allocator-bucket-count=8"
    "memorysetup-bucket-allocator-block-size=33554432"
    "memorysetup-bucket-allocator-block-count=8"
    "memorysetup-main-allocator-block-size=16777216"
    "memorysetup-thread-allocator-block-size=16777216"
    "memorysetup-gfx-main-allocator-block-size=16777216"
    "memorysetup-gfx-thread-allocator-block-size=16777216"
    "memorysetup-cache-allocator-block-size=4194304"
    "memorysetup-typetree-allocator-block-size=2097152"
    "memorysetup-profiler-bucket-allocator-granularity=16"
    "memorysetup-profiler-bucket-allocator-bucket-count=8"
    "memorysetup-profiler-bucket-allocator-block-size=33554432"
    "memorysetup-profiler-bucket-allocator-block-count=8"
    "memorysetup-profiler-allocator-block-size=16777216"
    "memorysetup-profiler-editor-allocator-block-size=1048576"
    "memorysetup-temp-allocator-size-main=16777216"
    "memorysetup-job-temp-allocator-block-size=2097152"
    "memorysetup-job-temp-allocator-block-size-background=1048576"
    "memorysetup-job-temp-allocator-reduction-small-platforms=262144"
    "memorysetup-temp-allocator-size-background-worker=32768"
    "memorysetup-temp-allocator-size-job-worker=262144"
    "memorysetup-temp-allocator-size-preload-manager=33554432"
    "memorysetup-temp-allocator-size-nav-mesh-worker=65536"
    "memorysetup-temp-allocator-size-audio-worker=65536"
    "memorysetup-temp-allocator-size-cloud-worker=32768"
    "memorysetup-temp-allocator-size-gi-baking-worker=262144"
    "memorysetup-temp-allocator-size-gfx=262144"
Refreshing native plugins compatible for Editor in 112.32 ms, found 2 plugins.
Preloading 0 native plugins for Editor in 0.00 ms.
Initialize engine version: 2021.2.0b4 (af9ec38f7da3)
[Subsystems] Discovering subsystems at path E:/unity projects/2021.2.0b4/Editor/Data/Resources/UnitySubsystems
[Subsystems] Discovering subsystems at path E:/unity projects/ColorSwitch/ColorSwitch/Assets
GfxDevice: creating device client; threaded=0; jobified=0
Direct3D:
    Version:  Direct3D 11.0 [level 11.1]
    Renderer: NVIDIA GeForce MX330 (ID=0x1d16)
    Vendor:   NVIDIA
    VRAM:     1983 MB
    Driver:   27.21.14.6231
Initialize mono
Mono path[0] = 'E:/unity projects/2021.2.0b4/Editor/Data/Managed'
Mono path[1] = 'E:/unity projects/2021.2.0b4/Editor/Data/MonoBleedingEdge/lib/mono/unityjit-win32'
Mono config path = 'E:/unity projects/2021.2.0b4/Editor/Data/MonoBleedingEdge/etc'
Using monoOptions --debugger-agent=transport=dt_socket,embedding=1,server=y,suspend=n,address=127.0.0.1:56680
Begin MonoManager ReloadAssembly
Registering precompiled unity dll's ...
Register platform support module: E:/unity projects/2021.2.0b4/Editor/Data/PlaybackEngines/WindowsStandaloneSupport/UnityEditor.WindowsStandalone.Extensions.dll
Registered in 0.006609 seconds.
Native extension for WindowsStandalone target not found
Refreshing native plugins compatible for Editor in 96.64 ms, found 2 plugins.
Preloading 0 native plugins for Editor in 0.00 ms.
Mono: successfully reloaded assembly
- Completed reload, in  4.040 seconds
Domain Reload Profiling:
	ReloadAssembly (4097ms)
		BeginReloadAssembly (572ms)
			ExecutionOrderSort (0ms)
			DisableScriptedObjects (0ms)
			BackupInstance (0ms)
			ReleaseScriptingObjects (0ms)
			CreateAndSetChildDomain (2ms)
		EndReloadAssembly (1151ms)
			LoadAssemblies (570ms)
			RebuildTransferFunctionScriptingTraits (0ms)
			SetupTypeCache (462ms)
			ReleaseScriptCaches (0ms)
			RebuildScriptCaches (54ms)
			SetupLoadedEditorAssemblies (447ms)
				LogAssemblyErrors (0ms)
				InitializePlatformSupportModulesInManaged (15ms)
				SetLoadedEditorAssemblies (1ms)
				RefreshPlugins (97ms)
				BeforeProcessingInitializeOnLoad (2ms)
				ProcessInitializeOnLoadAttributes (230ms)
				ProcessInitializeOnLoadMethodAttributes (103ms)
				AfterProcessingInitializeOnLoad (0ms)
				EditorAssembliesLoaded (0ms)
			ExecutionOrderSort2 (0ms)
			AwakeInstancesAfterBackupRestoration (0ms)
Platform modules already initialized, skipping
Registering precompiled user dll's ...
Registered in 0.013233 seconds.
Begin MonoManager ReloadAssembly
Native extension for WindowsStandalone target not found
Refreshing native plugins compatible for Editor in 0.93 ms, found 2 plugins.
Preloading 0 native plugins for Editor in 0.00 ms.
Package Manager log level set to [2]
Mono: successfully reloaded assembly
- Completed reload, in  3.667 seconds
Domain Reload Profiling:
	ReloadAssembly (3741ms)
		BeginReloadAssembly (430ms)
			ExecutionOrderSort (0ms)
			DisableScriptedObjects (13ms)
			BackupInstance (0ms)
			ReleaseScriptingObjects (0ms)
			CreateAndSetChildDomain (41ms)
		EndReloadAssembly (3090ms)
			LoadAssemblies (230ms)
			RebuildTransferFunctionScriptingTraits (0ms)
			SetupTypeCache (853ms)
			ReleaseScriptCaches (1ms)
			RebuildScriptCaches (93ms)
			SetupLoadedEditorAssemblies (1613ms)
				LogAssemblyErrors (0ms)
				InitializePlatformSupportModulesInManaged (30ms)
				SetLoadedEditorAssemblies (2ms)
				RefreshPlugins (1ms)
				BeforeProcessingInitializeOnLoad (163ms)
				ProcessInitializeOnLoadAttributes (1182ms)
				ProcessInitializeOnLoadMethodAttributes (226ms)
				AfterProcessingInitializeOnLoad (9ms)
				EditorAssembliesLoaded (0ms)
			ExecutionOrderSort2 (0ms)
			AwakeInstancesAfterBackupRestoration (15ms)
Platform modules already initialized, skipping
========================================================================
Worker process is ready to serve import requests
Launched and connected shader compiler UnityShaderCompiler.exe after 0.10 seconds
Refreshing native plugins compatible for Editor in 1.70 ms, found 2 plugins.
Preloading 0 native plugins for Editor in 0.00 ms.
Unloading 1988 Unused Serialized files (Serialized files now loaded: 0)
Unloading 58 unused Assets / (56.6 KB). Loaded Objects now: 2425.
Memory consumption went from 83.8 MB to 83.7 MB.
Total: 13.277000 ms (FindLiveObjects: 0.263200 ms CreateObjectMapping: 0.193100 ms MarkObjects: 12.646300 ms  DeleteObjects: 0.172200 ms)

AssetImportParameters requested are different than current active one (requested -> active):
  custom:framework-win-MediaFoundation: 216162199b28c13a410421893ffa2e32 -> 
  custom:video-decoder-ogg-theora: a1e56fd34408186e4bbccfd4996cb3dc -> 
  custom:container-muxer-webm: aa71ff27fc2769a1b78a27578f13a17b -> 
  custom:container-demuxer-webm: 4f35f7cbe854078d1ac9338744f61a02 -> 
  custom:video-encoder-webm-vp8: eb34c28f22e8b96e1ab97ce403110664 -> 
  custom:video-codec-MediaFoundation-h265: 746d11721c4dcdbdad8f713fa42b33f4 -> 
  custom:container-demuxer-ogg: 62fdf1f143b41e24485cea50d1cbac27 -> 
  custom:audio-decoder-ogg-vorbis: bf7c407c2cedff20999df2af8eb42d56 -> 
  custom:video-decoder-webm-vp8: 9c59270c3fd7afecdb556c50c9e8de78 -> 
  custom:audio-encoder-webm-vorbis: bf7c407c2cedff20999df2af8eb42d56 -> 
========================================================================
Received Import Request.
  Time since last request: 28188.856131 seconds.
  path: Assets/New Terrain.asset
  artifactKey: Guid(cc5d6d04bda92394b890930000a734ba) Importer(815301076,1909f56bfc062723c751e8b465ee728b)
Start importing Assets/New Terrain.asset using Guid(cc5d6d04bda92394b890930000a734ba) Importer(815301076,1909f56bfc062723c751e8b465ee728b)  -> (artifact id: '8805ebe6b707c7bbdbdb3e3a983c4f84') in 0.262497 seconds 
========================================================================
Received Import Request.
  Time since last request: 53.870259 seconds.
  path: Assets/Scenes/GamePlay.unity
  artifactKey: Guid(e5d85254c561b8040855b7db3ce6aba1) Importer(815301076,1909f56bfc062723c751e8b465ee728b)
Start importing Assets/Scenes/GamePlay.unity using Guid(e5d85254c561b8040855b7db3ce6aba1) Importer(815301076,1909f56bfc062723c751e8b465ee728b)  -> (artifact id: '3247d159460325c4828af94d22576e8b') in 0.002954 seconds 
========================================================================
Received Import Request.
  Time since last request: 3.479607 seconds.
  path: Assets/Scenes/Home.unity
  artifactKey: Guid(09797f2940760904db757cf672346e2b) Importer(815301076,1909f56bfc062723c751e8b465ee728b)
Start importing Assets/Scenes/Home.unity using Guid(09797f2940760904db757cf672346e2b) Importer(815301076,1909f56bfc062723c751e8b465ee728b)  -> (artifact id: 'dbc8be054de910300f4bbda0ccf1d1a3') in 0.004128 seconds 
========================================================================
Received Prepare
Registering precompiled user dll's ...
Registered in 0.009600 seconds.
Begin MonoManager ReloadAssembly
Native extension for WindowsStandalone target not found
Refreshing native plugins compatible for Editor in 0.88 ms, found 2 plugins.
Preloading 0 native plugins for Editor in 0.00 ms.
Mono: successfully reloaded assembly
- Completed reload, in  1.645 seconds
Domain Reload Profiling:
	ReloadAssembly (1701ms)
		BeginReloadAssembly (214ms)
			ExecutionOrderSort (0ms)
			DisableScriptedObjects (19ms)
			BackupInstance (0ms)
			ReleaseScriptingObjects (0ms)
			CreateAndSetChildDomain (41ms)
		EndReloadAssembly (1382ms)
			LoadAssemblies (141ms)
			RebuildTransferFunctionScriptingTraits (0ms)
			SetupTypeCache (403ms)
			ReleaseScriptCaches (1ms)
			RebuildScriptCaches (63ms)
			SetupLoadedEditorAssemblies (622ms)
				LogAssemblyErrors (0ms)
				InitializePlatformSupportModulesInManaged (16ms)
				SetLoadedEditorAssemblies (1ms)
				RefreshPlugins (1ms)
				BeforeProcessingInitializeOnLoad (78ms)
				ProcessInitializeOnLoadAttributes (415ms)
				ProcessInitializeOnLoadMethodAttributes (107ms)
				AfterProcessingInitializeOnLoad (4ms)
				EditorAssembliesLoaded (0ms)
			ExecutionOrderSort2 (0ms)
			AwakeInstancesAfterBackupRestoration (7ms)
Platform modules already initialized, skipping
Refreshing native plugins compatible for Editor in 1.08 ms, found 2 plugins.
Preloading 0 native plugins for Editor in 0.00 ms.
Unloading 1983 Unused Serialized files (Serialized files now loaded: 0)
Unloading 51 unused Assets / (0.5 MB). Loaded Objects now: 2429.
Memory consumption went from 84.6 MB to 84.0 MB.
Total: 12.315800 ms (FindLiveObjects: 0.146100 ms CreateObjectMapping: 0.051300 ms MarkObjects: 11.633700 ms  DeleteObjects: 0.483100 ms)

AssetImportParameters requested are different than current active one (requested -> active):
  custom:framework-win-MediaFoundation: 216162199b28c13a410421893ffa2e32 -> 
  custom:video-decoder-ogg-theora: a1e56fd34408186e4bbccfd4996cb3dc -> 
  custom:container-muxer-webm: aa71ff27fc2769a1b78a27578f13a17b -> 
  custom:container-demuxer-webm: 4f35f7cbe854078d1ac9338744f61a02 -> 
  custom:video-encoder-webm-vp8: eb34c28f22e8b96e1ab97ce403110664 -> 
  custom:video-codec-MediaFoundation-h265: 746d11721c4dcdbdad8f713fa42b33f4 -> 
  custom:container-demuxer-ogg: 62fdf1f143b41e24485cea50d1cbac27 -> 
  custom:audio-decoder-ogg-vorbis: bf7c407c2cedff20999df2af8eb42d56 -> 
  custom:video-decoder-webm-vp8: 9c59270c3fd7afecdb556c50c9e8de78 -> 
  custom:audio-encoder-webm-vorbis: bf7c407c2cedff20999df2af8eb42d56 -> 
========================================================================
Received Prepare
Registering precompiled user dll's ...
Registered in 0.007854 seconds.
Begin MonoManager ReloadAssembly
Native extension for WindowsStandalone target not found
Refreshing native plugins compatible for Editor in 1.81 ms, found 2 plugins.
Preloading 0 native plugins for Editor in 0.00 ms.
Mono: successfully reloaded assembly
- Completed reload, in  1.997 seconds
Domain Reload Profiling:
	ReloadAssembly (2052ms)
		BeginReloadAssembly (232ms)
			ExecutionOrderSort (0ms)
			DisableScriptedObjects (11ms)
			BackupInstance (0ms)
			ReleaseScriptingObjects (0ms)
			CreateAndSetChildDomain (73ms)
		EndReloadAssembly (1717ms)
			LoadAssemblies (145ms)
			RebuildTransferFunctionScriptingTraits (0ms)
			SetupTypeCache (565ms)
			ReleaseScriptCaches (1ms)
			RebuildScriptCaches (72ms)
			SetupLoadedEditorAssemblies (721ms)
				LogAssemblyErrors (0ms)
				InitializePlatformSupportModulesInManaged (28ms)
				SetLoadedEditorAssemblies (1ms)
				RefreshPlugins (2ms)
				BeforeProcessingInitializeOnLoad (119ms)
				ProcessInitializeOnLoadAttributes (447ms)
				ProcessInitializeOnLoadMethodAttributes (120ms)
				AfterProcessingInitializeOnLoad (4ms)
				EditorAssembliesLoaded (0ms)
			ExecutionOrderSort2 (0ms)
			AwakeInstancesAfterBackupRestoration (8ms)
Platform modules already initialized, skipping
Refreshing native plugins compatible for Editor in 0.94 ms, found 2 plugins.
Preloading 0 native plugins for Editor in 0.00 ms.
Unloading 1983 Unused Serialized files (Serialized files now loaded: 0)
Unloading 49 unused Assets / (32.8 KB). Loaded Objects now: 2432.
Memory consumption went from 84.1 MB to 84.0 MB.
Total: 6.900200 ms (FindLiveObjects: 0.140600 ms CreateObjectMapping: 0.056800 ms MarkObjects: 6.637800 ms  DeleteObjects: 0.063300 ms)

AssetImportParameters requested are different than current active one (requested -> active):
  custom:framework-win-MediaFoundation: 216162199b28c13a410421893ffa2e32 -> 
  custom:video-decoder-ogg-theora: a1e56fd34408186e4bbccfd4996cb3dc -> 
  custom:container-muxer-webm: aa71ff27fc2769a1b78a27578f13a17b -> 
  custom:container-demuxer-webm: 4f35f7cbe854078d1ac9338744f61a02 -> 
  custom:video-encoder-webm-vp8: eb34c28f22e8b96e1ab97ce403110664 -> 
  custom:video-codec-MediaFoundation-h265: 746d11721c4dcdbdad8f713fa42b33f4 -> 
  custom:container-demuxer-ogg: 62fdf1f143b41e24485cea50d1cbac27 -> 
  custom:audio-decoder-ogg-vorbis: bf7c407c2cedff20999df2af8eb42d56 -> 
  custom:video-decoder-webm-vp8: 9c59270c3fd7afecdb556c50c9e8de78 -> 
  custom:audio-encoder-webm-vorbis: bf7c407c2cedff20999df2af8eb42d56 -> 
========================================================================
Received Import Request.
  Time since last request: 329.104353 seconds.
  path: Assets/Scenes/GameOver.unity
  artifactKey: Guid(1ed691c87a39e5746b64341ad0fd8547) Importer(815301076,1909f56bfc062723c751e8b465ee728b)
Start importing Assets/Scenes/GameOver.unity using Guid(1ed691c87a39e5746b64341ad0fd8547) Importer(815301076,1909f56bfc062723c751e8b465ee728b)  -> (artifact id: '2981d9cd8386a2bd9e264dc02e94c7f3') in 0.022897 seconds 
========================================================================
Received Prepare
Registering precompiled user dll's ...
Registered in 0.009314 seconds.
Begin MonoManager ReloadAssembly
Native extension for WindowsStandalone target not found
Refreshing native plugins compatible for Editor in 0.50 ms, found 2 plugins.
Preloading 0 native plugins for Editor in 0.00 ms.
Mono: successfully reloaded assembly
- Completed reload, in  1.523 seconds
Domain Reload Profiling:
	ReloadAssembly (1564ms)
		BeginReloadAssembly (201ms)
			ExecutionOrderSort (0ms)
			DisableScriptedObjects (8ms)
			BackupInstance (0ms)
			ReleaseScriptingObjects (0ms)
			CreateAndSetChildDomain (70ms)
		EndReloadAssembly (1204ms)
			LoadAssemblies (121ms)
			RebuildTransferFunctionScriptingTraits (0ms)
			SetupTypeCache (410ms)
			ReleaseScriptCaches (2ms)
			RebuildScriptCaches (40ms)
			SetupLoadedEditorAssemblies (446ms)
				LogAssemblyErrors (0ms)
				InitializePlatformSupportModulesInManaged (14ms)
				SetLoadedEditorAssemblies (1ms)
				RefreshPlugins (1ms)
				BeforeProcessingInitializeOnLoad (60ms)
				ProcessInitializeOnLoadAttributes (283ms)
				ProcessInitializeOnLoadMethodAttributes (84ms)
				AfterProcessingInitializeOnLoad (4ms)
				EditorAssembliesLoaded (0ms)
			ExecutionOrderSort2 (0ms)
			AwakeInstancesAfterBackupRestoration (6ms)
Platform modules already initialized, skipping
Refreshing native plugins compatible for Editor in 0.61 ms, found 2 plugins.
Preloading 0 native plugins for Editor in 0.00 ms.
Unloading 1983 Unused Serialized files (Serialized files now loaded: 0)
Unloading 49 unused Assets / (32.8 KB). Loaded Objects now: 2435.
Memory consumption went from 84.1 MB to 84.0 MB.
Total: 9.787600 ms (FindLiveObjects: 0.404500 ms CreateObjectMapping: 0.272100 ms MarkObjects: 9.026300 ms  DeleteObjects: 0.080700 ms)

AssetImportParameters requested are different than current active one (requested -> active):
  custom:framework-win-MediaFoundation: 216162199b28c13a410421893ffa2e32 -> 
  custom:video-decoder-ogg-theora: a1e56fd34408186e4bbccfd4996cb3dc -> 
  custom:container-muxer-webm: aa71ff27fc2769a1b78a27578f13a17b -> 
  custom:container-demuxer-webm: 4f35f7cbe854078d1ac9338744f61a02 -> 
  custom:video-encoder-webm-vp8: eb34c28f22e8b96e1ab97ce403110664 -> 
  custom:video-codec-MediaFoundation-h265: 746d11721c4dcdbdad8f713fa42b33f4 -> 
  custom:container-demuxer-ogg: 62fdf1f143b41e24485cea50d1cbac27 -> 
  custom:audio-decoder-ogg-vorbis: bf7c407c2cedff20999df2af8eb42d56 -> 
  custom:video-decoder-webm-vp8: 9c59270c3fd7afecdb556c50c9e8de78 -> 
  custom:audio-encoder-webm-vorbis: bf7c407c2cedff20999df2af8eb42d56 -> 
========================================================================
Received Prepare
Refreshing native plugins compatible for Editor in 13.35 ms, found 2 plugins.
Preloading 0 native plugins for Editor in 0.00 ms.
Unloading 48 Unused Serialized files (Serialized files now loaded: 0)
Unloading 47 unused Assets / (30.0 KB). Loaded Objects now: 2435.
Memory consumption went from 45.2 MB to 45.2 MB.
Total: 5.658200 ms (FindLiveObjects: 0.169600 ms CreateObjectMapping: 0.073800 ms MarkObjects: 5.381100 ms  DeleteObjects: 0.032000 ms)

AssetImportParameters requested are different than current active one (requested -> active):
  custom:framework-win-MediaFoundation: 216162199b28c13a410421893ffa2e32 -> 
  custom:video-decoder-ogg-theora: a1e56fd34408186e4bbccfd4996cb3dc -> 
  custom:container-muxer-webm: aa71ff27fc2769a1b78a27578f13a17b -> 
  custom:container-demuxer-webm: 4f35f7cbe854078d1ac9338744f61a02 -> 
  custom:video-encoder-webm-vp8: eb34c28f22e8b96e1ab97ce403110664 -> 
  custom:video-codec-MediaFoundation-h265: 746d11721c4dcdbdad8f713fa42b33f4 -> 
  custom:container-demuxer-ogg: 62fdf1f143b41e24485cea50d1cbac27 -> 
  custom:audio-decoder-ogg-vorbis: bf7c407c2cedff20999df2af8eb42d56 -> 
  custom:video-decoder-webm-vp8: 9c59270c3fd7afecdb556c50c9e8de78 -> 
  custom:audio-encoder-webm-vorbis: bf7c407c2cedff20999df2af8eb42d56 -> 
========================================================================
Received Prepare
Refreshing native plugins compatible for Editor in 29.60 ms, found 2 plugins.
Preloading 0 native plugins for Editor in 0.00 ms.
Unloading 48 Unused Serialized files (Serialized files now loaded: 0)
Unloading 47 unused Assets / (30.0 KB). Loaded Objects now: 2435.
Memory consumption went from 45.2 MB to 45.2 MB.
Total: 10.501200 ms (FindLiveObjects: 0.273400 ms CreateObjectMapping: 0.181800 ms MarkObjects: 9.995400 ms  DeleteObjects: 0.048500 ms)

AssetImportParameters requested are different than current active one (requested -> active):
  custom:framework-win-MediaFoundation: 216162199b28c13a410421893ffa2e32 -> 
  custom:video-decoder-ogg-theora: a1e56fd34408186e4bbccfd4996cb3dc -> 
  custom:container-muxer-webm: aa71ff27fc2769a1b78a27578f13a17b -> 
  custom:container-demuxer-webm: 4f35f7cbe854078d1ac9338744f61a02 -> 
  custom:video-encoder-webm-vp8: eb34c28f22e8b96e1ab97ce403110664 -> 
  custom:video-codec-MediaFoundation-h265: 746d11721c4dcdbdad8f713fa42b33f4 -> 
  custom:container-demuxer-ogg: 62fdf1f143b41e24485cea50d1cbac27 -> 
  custom:audio-decoder-ogg-vorbis: bf7c407c2cedff20999df2af8eb42d56 -> 
  custom:video-decoder-webm-vp8: 9c59270c3fd7afecdb556c50c9e8de78 -> 
  custom:audio-encoder-webm-vorbis: bf7c407c2cedff20999df2af8eb42d56 -> 
========================================================================
Received Prepare
Registering precompiled user dll's ...
Registered in 0.010854 seconds.
Begin MonoManager ReloadAssembly
Native extension for WindowsStandalone target not found
Refreshing native plugins compatible for Editor in 0.57 ms, found 2 plugins.
Preloading 0 native plugins for Editor in 0.00 ms.
Mono: successfully reloaded assembly
- Completed reload, in  2.033 seconds
Domain Reload Profiling:
	ReloadAssembly (2101ms)
		BeginReloadAssembly (244ms)
			ExecutionOrderSort (0ms)
			DisableScriptedObjects (15ms)
			BackupInstance (0ms)
			ReleaseScriptingObjects (0ms)
			CreateAndSetChildDomain (75ms)
		EndReloadAssembly (1684ms)
			LoadAssemblies (160ms)
			RebuildTransferFunctionScriptingTraits (0ms)
			SetupTypeCache (524ms)
			ReleaseScriptCaches (2ms)
			RebuildScriptCaches (59ms)
			SetupLoadedEditorAssemblies (663ms)
				LogAssemblyErrors (0ms)
				InitializePlatformSupportModulesInManaged (12ms)
				SetLoadedEditorAssemblies (0ms)
				RefreshPlugins (1ms)
				BeforeProcessingInitializeOnLoad (99ms)
				ProcessInitializeOnLoadAttributes (400ms)
				ProcessInitializeOnLoadMethodAttributes (140ms)
				AfterProcessingInitializeOnLoad (10ms)
				EditorAssembliesLoaded (0ms)
			ExecutionOrderSort2 (0ms)
			AwakeInstancesAfterBackupRestoration (23ms)
Platform modules already initialized, skipping
Switching build target platform(19) subTarget(0) extendedPlatform(0) -> platform(13) subTarget(0) extendedPlatform(0)
Refreshing native plugins compatible for Editor in 2.00 ms, found 2 plugins.
Preloading 0 native plugins for Editor in 0.00 ms.
Unloading 1987 Unused Serialized files (Serialized files now loaded: 0)
Unloading 49 unused Assets / (32.8 KB). Loaded Objects now: 2438.
Memory consumption went from 84.1 MB to 84.1 MB.
Total: 8.603700 ms (FindLiveObjects: 0.182200 ms CreateObjectMapping: 0.111000 ms MarkObjects: 8.241300 ms  DeleteObjects: 0.067100 ms)

AssetImportParameters requested are different than current active one (requested -> active):
  custom:framework-win-MediaFoundation: 216162199b28c13a410421893ffa2e32 -> 
  custom:video-decoder-ogg-theora: a1e56fd34408186e4bbccfd4996cb3dc -> 
  custom:container-muxer-webm: aa71ff27fc2769a1b78a27578f13a17b -> 
  custom:container-demuxer-webm: 4f35f7cbe854078d1ac9338744f61a02 -> 
  custom:video-encoder-webm-vp8: eb34c28f22e8b96e1ab97ce403110664 -> 
  custom:video-codec-MediaFoundation-h265: 746d11721c4dcdbdad8f713fa42b33f4 -> 
  custom:container-demuxer-ogg: 62fdf1f143b41e24485cea50d1cbac27 -> 
  custom:audio-decoder-ogg-vorbis: bf7c407c2cedff20999df2af8eb42d56 -> 
  custom:video-decoder-webm-vp8: 9c59270c3fd7afecdb556c50c9e8de78 -> 
  custom:audio-encoder-webm-vorbis: bf7c407c2cedff20999df2af8eb42d56 -> 
========================================================================
Received Prepare
Refreshing native plugins compatible for Editor in 52.51 ms, found 2 plugins.
Preloading 0 native plugins for Editor in 0.00 ms.
Unloading 48 Unused Serialized files (Serialized files now loaded: 0)
Unloading 47 unused Assets / (30.1 KB). Loaded Objects now: 2438.
Memory consumption went from 45.3 MB to 45.2 MB.
Total: 20.306700 ms (FindLiveObjects: 0.364100 ms CreateObjectMapping: 0.274400 ms MarkObjects: 19.596600 ms  DeleteObjects: 0.068500 ms)

AssetImportParameters requested are different than current active one (requested -> active):
  custom:framework-win-MediaFoundation: 216162199b28c13a410421893ffa2e32 -> 
  custom:video-decoder-ogg-theora: a1e56fd34408186e4bbccfd4996cb3dc -> 
  custom:container-muxer-webm: aa71ff27fc2769a1b78a27578f13a17b -> 
  custom:container-demuxer-webm: 4f35f7cbe854078d1ac9338744f61a02 -> 
  custom:video-encoder-webm-vp8: eb34c28f22e8b96e1ab97ce403110664 -> 
  custom:video-codec-MediaFoundation-h265: 746d11721c4dcdbdad8f713fa42b33f4 -> 
  custom:container-demuxer-ogg: 62fdf1f143b41e24485cea50d1cbac27 -> 
  custom:audio-decoder-ogg-vorbis: bf7c407c2cedff20999df2af8eb42d56 -> 
  custom:video-decoder-webm-vp8: 9c59270c3fd7afecdb556c50c9e8de78 -> 
  custom:audio-encoder-webm-vorbis: bf7c407c2cedff20999df2af8eb42d56 -> 
========================================================================
Received Prepare
Registering precompiled user dll's ...
Registered in 0.008839 seconds.
Begin MonoManager ReloadAssembly
Native extension for WindowsStandalone target not found
Refreshing native plugins compatible for Editor in 0.60 ms, found 2 plugins.
Preloading 0 native plugins for Editor in 0.00 ms.
Mono: successfully reloaded assembly
- Completed reload, in  1.644 seconds
Domain Reload Profiling:
	ReloadAssembly (1725ms)
		BeginReloadAssembly (205ms)
			ExecutionOrderSort (0ms)
			DisableScriptedObjects (7ms)
			BackupInstance (0ms)
			ReleaseScriptingObjects (0ms)
			CreateAndSetChildDomain (67ms)
		EndReloadAssembly (1379ms)
			LoadAssemblies (138ms)
			RebuildTransferFunctionScriptingTraits (0ms)
			SetupTypeCache (379ms)
			ReleaseScriptCaches (1ms)
			RebuildScriptCaches (61ms)
			SetupLoadedEditorAssemblies (517ms)
				LogAssemblyErrors (0ms)
				InitializePlatformSupportModulesInManaged (12ms)
				SetLoadedEditorAssemblies (0ms)
				RefreshPlugins (1ms)
				BeforeProcessingInitializeOnLoad (55ms)
				ProcessInitializeOnLoadAttributes (353ms)
				ProcessInitializeOnLoadMethodAttributes (89ms)
				AfterProcessingInitializeOnLoad (8ms)
				EditorAssembliesLoaded (0ms)
			ExecutionOrderSort2 (0ms)
			AwakeInstancesAfterBackupRestoration (16ms)
Platform modules already initialized, skipping
Switching build target platform(19) subTarget(0) extendedPlatform(0) -> platform(13) subTarget(0) extendedPlatform(0)
Refreshing native plugins compatible for Editor in 0.59 ms, found 2 plugins.
Preloading 0 native plugins for Editor in 0.00 ms.
Unloading 1987 Unused Serialized files (Serialized files now loaded: 0)
Unloading 49 unused Assets / (32.8 KB). Loaded Objects now: 2441.
Memory consumption went from 84.1 MB to 84.1 MB.
Total: 11.452600 ms (FindLiveObjects: 0.364000 ms CreateObjectMapping: 0.095000 ms MarkObjects: 10.937900 ms  DeleteObjects: 0.053500 ms)

AssetImportParameters requested are different than current active one (requested -> active):
  custom:framework-win-MediaFoundation: 216162199b28c13a410421893ffa2e32 -> 
  custom:video-decoder-ogg-theora: a1e56fd34408186e4bbccfd4996cb3dc -> 
  custom:container-muxer-webm: aa71ff27fc2769a1b78a27578f13a17b -> 
  custom:container-demuxer-webm: 4f35f7cbe854078d1ac9338744f61a02 -> 
  custom:video-encoder-webm-vp8: eb34c28f22e8b96e1ab97ce403110664 -> 
  custom:video-codec-MediaFoundation-h265: 746d11721c4dcdbdad8f713fa42b33f4 -> 
  custom:container-demuxer-ogg: 62fdf1f143b41e24485cea50d1cbac27 -> 
  custom:audio-decoder-ogg-vorbis: bf7c407c2cedff20999df2af8eb42d56 -> 
  custom:video-decoder-webm-vp8: 9c59270c3fd7afecdb556c50c9e8de78 -> 
  custom:audio-encoder-webm-vorbis: bf7c407c2cedff20999df2af8eb42d56 -> 
========================================================================
Received Import Request.
  Time since last request: 1209.437775 seconds.
  path: Assets/Scenes/GameOver.unity
  artifactKey: Guid(1ed691c87a39e5746b64341ad0fd8547) Importer(815301076,1909f56bfc062723c751e8b465ee728b)
Start importing Assets/Scenes/GameOver.unity using Guid(1ed691c87a39e5746b64341ad0fd8547) Importer(815301076,1909f56bfc062723c751e8b465ee728b)  -> (artifact id: '69d7458094d284338a2f926a70330228') in 0.026580 seconds 
========================================================================
Received Import Request.
  Time since last request: 3.603552 seconds.
  path: Assets/Scenes/Home.unity
  artifactKey: Guid(09797f2940760904db757cf672346e2b) Importer(815301076,1909f56bfc062723c751e8b465ee728b)
Start importing Assets/Scenes/Home.unity using Guid(09797f2940760904db757cf672346e2b) Importer(815301076,1909f56bfc062723c751e8b465ee728b)  -> (artifact id: '5c588d3abb67bd8825dd308e09620d4f') in 0.002366 seconds 
========================================================================
Received Import Request.
  Time since last request: 15.959080 seconds.
  path: Assets/Images/HomeImages/1.png
  artifactKey: Guid(4396b98e9cdb8464c8cc94cb13f87856) Importer(815301076,1909f56bfc062723c751e8b465ee728b)
Start importing Assets/Images/HomeImages/1.png using Guid(4396b98e9cdb8464c8cc94cb13f87856) Importer(815301076,1909f56bfc062723c751e8b465ee728b)  -> (artifact id: '4217c7de14ee1f6c691313fad06195c5') in 0.159762 seconds 
========================================================================
Received Import Request.
  Time since last request: 0.000032 seconds.
  path: Assets/Images/HomeImages/gifts.png
  artifactKey: Guid(aa8dc131218e4a64781654145458dba7) Importer(815301076,1909f56bfc062723c751e8b465ee728b)
Start importing Assets/Images/HomeImages/gifts.png using Guid(aa8dc131218e4a64781654145458dba7) Importer(815301076,1909f56bfc062723c751e8b465ee728b)  -> (artifact id: '79985642723cd7f2d60c6f660609580b') in 0.019935 seconds 
========================================================================
Received Import Request.
  Time since last request: 0.000030 seconds.
  path: Assets/Images/HomeImages/3.png
  artifactKey: Guid(815d92aebfa5236489f94f619f74e252) Importer(815301076,1909f56bfc062723c751e8b465ee728b)
Start importing Assets/Images/HomeImages/3.png using Guid(815d92aebfa5236489f94f619f74e252) Importer(815301076,1909f56bfc062723c751e8b465ee728b)  -> (artifact id: '224d5367ebc5389777e8aadb1b6c9575') in 0.019946 seconds 
========================================================================
Received Import Request.
  Time since last request: 0.000028 seconds.
  path: Assets/Images/HomeImages/Hand.png
  artifactKey: Guid(8ab3f674fc0271f43aab2a4dcc6f5e94) Importer(815301076,1909f56bfc062723c751e8b465ee728b)
Start importing Assets/Images/HomeImages/Hand.png using Guid(8ab3f674fc0271f43aab2a4dcc6f5e94) Importer(815301076,1909f56bfc062723c751e8b465ee728b)  -> (artifact id: 'eea258f8ec2f6fd9e5f2f4466a08f7b9') in 0.019024 seconds 
========================================================================
Received Import Request.
  Time since last request: 0.000047 seconds.
  path: Assets/Images/HomeImages/FullCircle.png
  artifactKey: Guid(f59335c42c8dfee44ae39759c5489659) Importer(815301076,1909f56bfc062723c751e8b465ee728b)
Start importing Assets/Images/HomeImages/FullCircle.png using Guid(f59335c42c8dfee44ae39759c5489659) Importer(815301076,1909f56bfc062723c751e8b465ee728b)  -> (artifact id: '8ac3166923d8b33886c9f55269128fc8') in 0.031917 seconds 
========================================================================
Received Import Request.
  Time since last request: 0.000022 seconds.
  path: Assets/Images/HomeImages/4.png
  artifactKey: Guid(43c596070a9f86543b4cebea835d515d) Importer(815301076,1909f56bfc062723c751e8b465ee728b)
Start importing Assets/Images/HomeImages/4.png using Guid(43c596070a9f86543b4cebea835d515d) Importer(815301076,1909f56bfc062723c751e8b465ee728b)  -> (artifact id: '2180a3bc6f46e5df1a0fff8d82618091') in 0.014303 seconds 
========================================================================
Received Import Request.
  Time since last request: 0.000027 seconds.
  path: Assets/Images/HomeImages/main outer.png
  artifactKey: Guid(25d6aa7611b18c144b836bfcb320fa78) Importer(815301076,1909f56bfc062723c751e8b465ee728b)
Start importing Assets/Images/HomeImages/main outer.png using Guid(25d6aa7611b18c144b836bfcb320fa78) Importer(815301076,1909f56bfc062723c751e8b465ee728b)  -> (artifact id: '9019eb9e86d1edd5a3e17e93574c1d86') in 0.076137 seconds 
========================================================================
Received Import Request.
  Time since last request: 0.000015 seconds.
  path: Assets/Images/HomeImages/5.png
  artifactKey: Guid(5ef1c1d760facee46854b3c8a2ff5fbb) Importer(815301076,1909f56bfc062723c751e8b465ee728b)
Start importing Assets/Images/HomeImages/5.png using Guid(5ef1c1d760facee46854b3c8a2ff5fbb) Importer(815301076,1909f56bfc062723c751e8b465ee728b)  -> (artifact id: '7fab4ac9d720b6afc8371a6a2954503f') in 0.021825 seconds 
========================================================================
Received Import Request.
  Time since last request: 0.000031 seconds.
  path: Assets/Images/HomeImages/Replay.png
  artifactKey: Guid(822c308da9ab31748a430bfce518f152) Importer(815301076,1909f56bfc062723c751e8b465ee728b)
Start importing Assets/Images/HomeImages/Replay.png using Guid(822c308da9ab31748a430bfce518f152) Importer(815301076,1909f56bfc062723c751e8b465ee728b)  -> (artifact id: '1dc1ae46585b38ed22f49c2131d3b07b') in 0.027093 seconds 
========================================================================
Received Import Request.
  Time since last request: 0.000024 seconds.
  path: Assets/Images/HomeImages/question.png
  artifactKey: Guid(06a857788aa3e7e40b12bc483d68bb49) Importer(815301076,1909f56bfc062723c751e8b465ee728b)
Start importing Assets/Images/HomeImages/question.png using Guid(06a857788aa3e7e40b12bc483d68bb49) Importer(815301076,1909f56bfc062723c751e8b465ee728b)  -> (artifact id: 'e996737e1c599be9937665b66c876b84') in 0.018921 seconds 
========================================================================
Received Import Request.
  Time since last request: 0.000051 seconds.
  path: Assets/Images/HomeImages/adds.png
  artifactKey: Guid(f787b521f33a6f34cb08faff241c179a) Importer(815301076,1909f56bfc062723c751e8b465ee728b)
Start importing Assets/Images/HomeImages/adds.png using Guid(f787b521f33a6f34cb08faff241c179a) Importer(815301076,1909f56bfc062723c751e8b465ee728b)  -> (artifact id: '7ba9bb946bce41ec606bfe795ec6d5fc') in 0.019105 seconds 
========================================================================
Received Import Request.
  Time since last request: 0.000023 seconds.
  path: Assets/Images/HomeImages/ColorSwitcher.png
  artifactKey: Guid(ab1e1a55e4d9d2b4f84c37ece3812eef) Importer(815301076,1909f56bfc062723c751e8b465ee728b)
Start importing Assets/Images/HomeImages/ColorSwitcher.png using Guid(ab1e1a55e4d9d2b4f84c37ece3812eef) Importer(815301076,1909f56bfc062723c751e8b465ee728b)  -> (artifact id: '8042edb5e4b49ceeb97d212082298868') in 0.014501 seconds 
========================================================================
Received Import Request.
  Time since last request: 0.000019 seconds.
  path: Assets/Images/HomeImages/flake2.png
  artifactKey: Guid(79c3408d477cbbb40a378424eaf5fa7e) Importer(815301076,1909f56bfc062723c751e8b465ee728b)
Start importing Assets/Images/HomeImages/flake2.png using Guid(79c3408d477cbbb40a378424eaf5fa7e) Importer(815301076,1909f56bfc062723c751e8b465ee728b)  -> (artifact id: '54a5b307c768e08a5e237f56b8d9d5de') in 0.053661 seconds 
========================================================================
Received Import Request.
  Time since last request: 0.000030 seconds.
  path: Assets/Images/HomeImages/2.png
  artifactKey: Guid(5a25022bef258914f8b501f1cafe575d) Importer(815301076,1909f56bfc062723c751e8b465ee728b)
Start importing Assets/Images/HomeImages/2.png using Guid(5a25022bef258914f8b501f1cafe575d) Importer(815301076,1909f56bfc062723c751e8b465ee728b)  -> (artifact id: '9530c92d2cca2434e1c2c19291b2671c') in 0.019775 seconds 
========================================================================
Received Import Request.
  Time since last request: 0.000022 seconds.
  path: Assets/Images/HomeImages/flakeanother.png
  artifactKey: Guid(c2cdd992c51ced54aa4adaf6b098c26c) Importer(815301076,1909f56bfc062723c751e8b465ee728b)
Start importing Assets/Images/HomeImages/flakeanother.png using Guid(c2cdd992c51ced54aa4adaf6b098c26c) Importer(815301076,1909f56bfc062723c751e8b465ee728b)  -> (artifact id: '095a643366595e71beafd6b3b1ad50d5') in 0.023749 seconds 
========================================================================
Received Import Request.
  Time since last request: 0.000022 seconds.
  path: Assets/Images/HomeImages/gameMods.png
  artifactKey: Guid(2a8dce98bcbb74f4b80f6e9e262d56ab) Importer(815301076,1909f56bfc062723c751e8b465ee728b)
Start importing Assets/Images/HomeImages/gameMods.png using Guid(2a8dce98bcbb74f4b80f6e9e262d56ab) Importer(815301076,1909f56bfc062723c751e8b465ee728b)  -> (artifact id: '475de099865671d56a957fe5d87b72b4') in 0.030603 seconds 
========================================================================
Received Import Request.
  Time since last request: 0.000024 seconds.
  path: Assets/Images/HomeImages/home.png
  artifactKey: Guid(17e3aae2e89ae8245a0965a48ee642fa) Importer(815301076,1909f56bfc062723c751e8b465ee728b)
Start importing Assets/Images/HomeImages/home.png using Guid(17e3aae2e89ae8245a0965a48ee642fa) Importer(815301076,1909f56bfc062723c751e8b465ee728b)  -> (artifact id: '53ab209ac87905c069df4e765b74477d') in 0.028620 seconds 
========================================================================
Received Import Request.
  Time since last request: 0.000048 seconds.
  path: Assets/Images/HomeImages/pause.png
  artifactKey: Guid(b44a1e61f1dfd524bb400d040e2f3a53) Importer(815301076,1909f56bfc062723c751e8b465ee728b)
Start importing Assets/Images/HomeImages/pause.png using Guid(b44a1e61f1dfd524bb400d040e2f3a53) Importer(815301076,1909f56bfc062723c751e8b465ee728b)  -> (artifact id: '7fe6b4483417e7d4fdc0eb0ca77fe4b1') in 0.018951 seconds 
========================================================================
Received Import Request.
  Time since last request: 0.000032 seconds.
  path: Assets/Images/HomeImages/play.png
  artifactKey: Guid(2c8080b5eb152204a96ff16f7c0f2df1) Importer(815301076,1909f56bfc062723c751e8b465ee728b)
Start importing Assets/Images/HomeImages/play.png using Guid(2c8080b5eb152204a96ff16f7c0f2df1) Importer(815301076,1909f56bfc062723c751e8b465ee728b)  -> (artifact id: '8ae2bfbc6b3a9dda41d8d2673c687413') in 0.023960 seconds 
========================================================================
Received Import Request.
  Time since last request: 0.000021 seconds.
  path: Assets/Images/HomeImages/Star.png
  artifactKey: Guid(b14058aa1ddaae34b91d255a2834ba02) Importer(815301076,1909f56bfc062723c751e8b465ee728b)
Start importing Assets/Images/HomeImages/Star.png using Guid(b14058aa1ddaae34b91d255a2834ba02) Importer(815301076,1909f56bfc062723c751e8b465ee728b)  -> (artifact id: '9fb73b5b23af036c56e7fc810b3d3767') in 0.019853 seconds 
========================================================================
Received Import Request.
  Time since last request: 0.000022 seconds.
  path: Assets/Images/HomeImages/obj.png
  artifactKey: Guid(66ea25e2efd529b479c577e8d194f8f2) Importer(815301076,1909f56bfc062723c751e8b465ee728b)
Start importing Assets/Images/HomeImages/obj.png using Guid(66ea25e2efd529b479c577e8d194f8f2) Importer(815301076,1909f56bfc062723c751e8b465ee728b)  -> (artifact id: '5ff8a4259d4a91cae426d5e0e8aae8a4') in 0.023275 seconds 
========================================================================
Received Import Request.
  Time since last request: 0.000024 seconds.
  path: Assets/Images/HomeImages/settings.png
  artifactKey: Guid(8169eb26a9430354bab587141c1c035e) Importer(815301076,1909f56bfc062723c751e8b465ee728b)
Start importing Assets/Images/HomeImages/settings.png using Guid(8169eb26a9430354bab587141c1c035e) Importer(815301076,1909f56bfc062723c751e8b465ee728b)  -> (artifact id: '1a8c35d65ce03d3d44775c16bd587d6f') in 0.020793 seconds 
========================================================================
Received Import Request.
  Time since last request: 0.000071 seconds.
  path: Assets/Images/HomeImages/infi.png
  artifactKey: Guid(1dc0edddfad7573438eb6fc1e76f3acc) Importer(815301076,1909f56bfc062723c751e8b465ee728b)
Start importing Assets/Images/HomeImages/infi.png using Guid(1dc0edddfad7573438eb6fc1e76f3acc) Importer(815301076,1909f56bfc062723c751e8b465ee728b)  -> (artifact id: 'a77e0ea497fba621c0e4592695810bc4') in 0.020502 seconds 
========================================================================
Received Import Request.
  Time since last request: 0.000036 seconds.
  path: Assets/Images/HomeImages/OtherObstacle.png
  artifactKey: Guid(e6ab1ae80ce97b041a9ad65dc07cc0b4) Importer(815301076,1909f56bfc062723c751e8b465ee728b)
Start importing Assets/Images/HomeImages/OtherObstacle.png using Guid(e6ab1ae80ce97b041a9ad65dc07cc0b4) Importer(815301076,1909f56bfc062723c751e8b465ee728b)  -> (artifact id: '91e5c2ee9bce2c4dc1270d467028876c') in 0.035055 seconds 
========================================================================
Received Prepare
Registering precompiled user dll's ...
Registered in 0.006048 seconds.
Begin MonoManager ReloadAssembly
Native extension for WindowsStandalone target not found
Refreshing native plugins compatible for Editor in 0.66 ms, found 2 plugins.
Preloading 0 native plugins for Editor in 0.00 ms.
Mono: successfully reloaded assembly
- Completed reload, in  1.733 seconds
Domain Reload Profiling:
	ReloadAssembly (1778ms)
		BeginReloadAssembly (237ms)
			ExecutionOrderSort (0ms)
			DisableScriptedObjects (8ms)
			BackupInstance (0ms)
			ReleaseScriptingObjects (0ms)
			CreateAndSetChildDomain (74ms)
		EndReloadAssembly (1422ms)
			LoadAssemblies (140ms)
			RebuildTransferFunctionScriptingTraits (0ms)
			SetupTypeCache (468ms)
			ReleaseScriptCaches (1ms)
			RebuildScriptCaches (38ms)
			SetupLoadedEditorAssemblies (528ms)
				LogAssemblyErrors (0ms)
				InitializePlatformSupportModulesInManaged (15ms)
				SetLoadedEditorAssemblies (1ms)
				RefreshPlugins (1ms)
				BeforeProcessingInitializeOnLoad (95ms)
				ProcessInitializeOnLoadAttributes (313ms)
				ProcessInitializeOnLoadMethodAttributes (99ms)
				AfterProcessingInitializeOnLoad (5ms)
				EditorAssembliesLoaded (0ms)
			ExecutionOrderSort2 (0ms)
			AwakeInstancesAfterBackupRestoration (22ms)
Platform modules already initialized, skipping
Switching build target platform(19) subTarget(0) extendedPlatform(0) -> platform(13) subTarget(0) extendedPlatform(0)
Refreshing native plugins compatible for Editor in 0.57 ms, found 2 plugins.
Preloading 0 native plugins for Editor in 0.00 ms.
Unloading 2011 Unused Serialized files (Serialized files now loaded: 0)
Unloading 49 unused Assets / (33.0 KB). Loaded Objects now: 2855.
Memory consumption went from 103.3 MB to 103.2 MB.
Total: 6.452400 ms (FindLiveObjects: 0.228000 ms CreateObjectMapping: 0.115500 ms MarkObjects: 6.053700 ms  DeleteObjects: 0.053500 ms)

AssetImportParameters requested are different than current active one (requested -> active):
  custom:framework-win-MediaFoundation: 216162199b28c13a410421893ffa2e32 -> 
  custom:video-decoder-ogg-theora: a1e56fd34408186e4bbccfd4996cb3dc -> 
  custom:container-muxer-webm: aa71ff27fc2769a1b78a27578f13a17b -> 
  custom:container-demuxer-webm: 4f35f7cbe854078d1ac9338744f61a02 -> 
  custom:video-encoder-webm-vp8: eb34c28f22e8b96e1ab97ce403110664 -> 
  custom:video-codec-MediaFoundation-h265: 746d11721c4dcdbdad8f713fa42b33f4 -> 
  custom:container-demuxer-ogg: 62fdf1f143b41e24485cea50d1cbac27 -> 
  custom:audio-decoder-ogg-vorbis: bf7c407c2cedff20999df2af8eb42d56 -> 
  custom:video-decoder-webm-vp8: 9c59270c3fd7afecdb556c50c9e8de78 -> 
  custom:audio-encoder-webm-vorbis: bf7c407c2cedff20999df2af8eb42d56 -> 
========================================================================
Received Import Request.
  Time since last request: 431.798423 seconds.
  path: Assets/Animator/Middle.controller
  artifactKey: Guid(50f662898cb3f9a4480bf2c319ce79a1) Importer(815301076,1909f56bfc062723c751e8b465ee728b)
Start importing Assets/Animator/Middle.controller using Guid(50f662898cb3f9a4480bf2c319ce79a1) Importer(815301076,1909f56bfc062723c751e8b465ee728b)  -> (artifact id: '4961218358f292187d6fc9377561650d') in 0.033007 seconds 
========================================================================
Received Prepare
Registering precompiled user dll's ...
Registered in 0.014112 seconds.
Begin MonoManager ReloadAssembly
Native extension for WindowsStandalone target not found
Refreshing native plugins compatible for Editor in 0.81 ms, found 2 plugins.
Preloading 0 native plugins for Editor in 0.00 ms.
Mono: successfully reloaded assembly
- Completed reload, in  1.605 seconds
Domain Reload Profiling:
	ReloadAssembly (1680ms)
		BeginReloadAssembly (234ms)
			ExecutionOrderSort (0ms)
			DisableScriptedObjects (21ms)
			BackupInstance (0ms)
			ReleaseScriptingObjects (0ms)
			CreateAndSetChildDomain (62ms)
		EndReloadAssembly (1341ms)
			LoadAssemblies (141ms)
			RebuildTransferFunctionScriptingTraits (0ms)
			SetupTypeCache (424ms)
			ReleaseScriptCaches (1ms)
			RebuildScriptCaches (61ms)
			SetupLoadedEditorAssemblies (505ms)
				LogAssemblyErrors (0ms)
				InitializePlatformSupportModulesInManaged (14ms)
				SetLoadedEditorAssemblies (1ms)
				RefreshPlugins (1ms)
				BeforeProcessingInitializeOnLoad (72ms)
				ProcessInitializeOnLoadAttributes (296ms)
				ProcessInitializeOnLoadMethodAttributes (118ms)
				AfterProcessingInitializeOnLoad (3ms)
				EditorAssembliesLoaded (0ms)
			ExecutionOrderSort2 (0ms)
			AwakeInstancesAfterBackupRestoration (14ms)
Platform modules already initialized, skipping
Switching build target platform(19) subTarget(0) extendedPlatform(0) -> platform(13) subTarget(0) extendedPlatform(0)
Refreshing native plugins compatible for Editor in 1.54 ms, found 2 plugins.
Preloading 0 native plugins for Editor in 0.00 ms.
Unloading 1987 Unused Serialized files (Serialized files now loaded: 0)
Unloading 49 unused Assets / (32.8 KB). Loaded Objects now: 2858.
Memory consumption went from 102.3 MB to 102.2 MB.
Total: 11.761100 ms (FindLiveObjects: 0.235900 ms CreateObjectMapping: 0.108900 ms MarkObjects: 11.237900 ms  DeleteObjects: 0.176600 ms)

AssetImportParameters requested are different than current active one (requested -> active):
  custom:framework-win-MediaFoundation: 216162199b28c13a410421893ffa2e32 -> 
  custom:video-decoder-ogg-theora: a1e56fd34408186e4bbccfd4996cb3dc -> 
  custom:container-muxer-webm: aa71ff27fc2769a1b78a27578f13a17b -> 
  custom:container-demuxer-webm: 4f35f7cbe854078d1ac9338744f61a02 -> 
  custom:video-encoder-webm-vp8: eb34c28f22e8b96e1ab97ce403110664 -> 
  custom:video-codec-MediaFoundation-h265: 746d11721c4dcdbdad8f713fa42b33f4 -> 
  custom:container-demuxer-ogg: 62fdf1f143b41e24485cea50d1cbac27 -> 
  custom:audio-decoder-ogg-vorbis: bf7c407c2cedff20999df2af8eb42d56 -> 
  custom:video-decoder-webm-vp8: 9c59270c3fd7afecdb556c50c9e8de78 -> 
  custom:audio-encoder-webm-vorbis: bf7c407c2cedff20999df2af8eb42d56 -> 
========================================================================
Received Import Request.
  Time since last request: 506.847033 seconds.
  path: Assets/Material/Flakes.mat
  artifactKey: Guid(f87d205bcb24b5b439f944aaab23ab8a) Importer(815301076,1909f56bfc062723c751e8b465ee728b)
Start importing Assets/Material/Flakes.mat using Guid(f87d205bcb24b5b439f944aaab23ab8a) Importer(815301076,1909f56bfc062723c751e8b465ee728b)  -> (artifact id: '421ea5aa5d69424bb8ffb241c3049fe8') in 0.108788 seconds 
========================================================================
Received Import Request.
  Time since last request: 13.315461 seconds.
  path: Assets/Scenes/Home.unity
  artifactKey: Guid(09797f2940760904db757cf672346e2b) Importer(815301076,1909f56bfc062723c751e8b465ee728b)
Start importing Assets/Scenes/Home.unity using Guid(09797f2940760904db757cf672346e2b) Importer(815301076,1909f56bfc062723c751e8b465ee728b)  -> (artifact id: '92f3ae0e8c70a3b97525675e65e78194') in 0.004727 seconds 
========================================================================
Received Prepare
Registering precompiled user dll's ...
Registered in 0.006436 seconds.
Begin MonoManager ReloadAssembly
Native extension for WindowsStandalone target not found
Refreshing native plugins compatible for Editor in 1.10 ms, found 2 plugins.
Preloading 0 native plugins for Editor in 0.00 ms.
Mono: successfully reloaded assembly
- Completed reload, in  1.846 seconds
Domain Reload Profiling:
	ReloadAssembly (1922ms)
		BeginReloadAssembly (230ms)
			ExecutionOrderSort (0ms)
			DisableScriptedObjects (14ms)
			BackupInstance (0ms)
			ReleaseScriptingObjects (0ms)
			CreateAndSetChildDomain (66ms)
		EndReloadAssembly (1577ms)
			LoadAssemblies (164ms)
			RebuildTransferFunctionScriptingTraits (0ms)
			SetupTypeCache (454ms)
			ReleaseScriptCaches (2ms)
			RebuildScriptCaches (57ms)
			SetupLoadedEditorAssemblies (585ms)
				LogAssemblyErrors (0ms)
				InitializePlatformSupportModulesInManaged (27ms)
				SetLoadedEditorAssemblies (1ms)
				RefreshPlugins (1ms)
				BeforeProcessingInitializeOnLoad (89ms)
				ProcessInitializeOnLoadAttributes (357ms)
				ProcessInitializeOnLoadMethodAttributes (105ms)
				AfterProcessingInitializeOnLoad (3ms)
				EditorAssembliesLoaded (0ms)
			ExecutionOrderSort2 (0ms)
			AwakeInstancesAfterBackupRestoration (31ms)
Platform modules already initialized, skipping
Switching build target platform(19) subTarget(0) extendedPlatform(0) -> platform(13) subTarget(0) extendedPlatform(0)
Refreshing native plugins compatible for Editor in 1.11 ms, found 2 plugins.
Preloading 0 native plugins for Editor in 0.00 ms.
Unloading 1987 Unused Serialized files (Serialized files now loaded: 0)
Unloading 49 unused Assets / (32.8 KB). Loaded Objects now: 2897.
Memory consumption went from 102.5 MB to 102.5 MB.
Total: 9.450100 ms (FindLiveObjects: 0.329000 ms CreateObjectMapping: 0.077300 ms MarkObjects: 8.976600 ms  DeleteObjects: 0.066000 ms)

AssetImportParameters requested are different than current active one (requested -> active):
  custom:framework-win-MediaFoundation: 216162199b28c13a410421893ffa2e32 -> 
  custom:video-decoder-ogg-theora: a1e56fd34408186e4bbccfd4996cb3dc -> 
  custom:container-muxer-webm: aa71ff27fc2769a1b78a27578f13a17b -> 
  custom:container-demuxer-webm: 4f35f7cbe854078d1ac9338744f61a02 -> 
  custom:video-encoder-webm-vp8: eb34c28f22e8b96e1ab97ce403110664 -> 
  custom:video-codec-MediaFoundation-h265: 746d11721c4dcdbdad8f713fa42b33f4 -> 
  custom:container-demuxer-ogg: 62fdf1f143b41e24485cea50d1cbac27 -> 
  custom:audio-decoder-ogg-vorbis: bf7c407c2cedff20999df2af8eb42d56 -> 
  custom:video-decoder-webm-vp8: 9c59270c3fd7afecdb556c50c9e8de78 -> 
  custom:audio-encoder-webm-vorbis: bf7c407c2cedff20999df2af8eb42d56 -> 
========================================================================
Received Import Request.
  Time since last request: 6.917386 seconds.
  path: Assets/Images/HomeImages
  artifactKey: Guid(2eda285cc1111104a93f8317ae116205) Importer(815301076,1909f56bfc062723c751e8b465ee728b)
Start importing Assets/Images/HomeImages using Guid(2eda285cc1111104a93f8317ae116205) Importer(815301076,1909f56bfc062723c751e8b465ee728b)  -> (artifact id: '7947d03806d6d020f9e33180f0b4c869') in 0.011133 seconds 
========================================================================
Received Prepare
Registering precompiled user dll's ...
Registered in 0.005684 seconds.
Begin MonoManager ReloadAssembly
Native extension for WindowsStandalone target not found
Refreshing native plugins compatible for Editor in 0.52 ms, found 2 plugins.
Preloading 0 native plugins for Editor in 0.00 ms.
Mono: successfully reloaded assembly
- Completed reload, in  1.909 seconds
Domain Reload Profiling:
	ReloadAssembly (1971ms)
		BeginReloadAssembly (239ms)
			ExecutionOrderSort (0ms)
			DisableScriptedObjects (12ms)
			BackupInstance (0ms)
			ReleaseScriptingObjects (0ms)
			CreateAndSetChildDomain (72ms)
		EndReloadAssembly (1608ms)
			LoadAssemblies (166ms)
			RebuildTransferFunctionScriptingTraits (0ms)
			SetupTypeCache (518ms)
			ReleaseScriptCaches (2ms)
			RebuildScriptCaches (65ms)
			SetupLoadedEditorAssemblies (573ms)
				LogAssemblyErrors (0ms)
				InitializePlatformSupportModulesInManaged (14ms)
				SetLoadedEditorAssemblies (0ms)
				RefreshPlugins (1ms)
				BeforeProcessingInitializeOnLoad (59ms)
				ProcessInitializeOnLoadAttributes (369ms)
				ProcessInitializeOnLoadMethodAttributes (123ms)
				AfterProcessingInitializeOnLoad (6ms)
				EditorAssembliesLoaded (0ms)
			ExecutionOrderSort2 (0ms)
			AwakeInstancesAfterBackupRestoration (29ms)
Platform modules already initialized, skipping
Switching build target platform(19) subTarget(0) extendedPlatform(0) -> platform(13) subTarget(0) extendedPlatform(0)
Refreshing native plugins compatible for Editor in 1.34 ms, found 2 plugins.
Preloading 0 native plugins for Editor in 0.00 ms.
Unloading 1987 Unused Serialized files (Serialized files now loaded: 0)
Unloading 49 unused Assets / (32.8 KB). Loaded Objects now: 2900.
Memory consumption went from 102.5 MB to 102.5 MB.
Total: 10.202100 ms (FindLiveObjects: 0.200700 ms CreateObjectMapping: 0.066800 ms MarkObjects: 9.814000 ms  DeleteObjects: 0.118600 ms)

AssetImportParameters requested are different than current active one (requested -> active):
  custom:framework-win-MediaFoundation: 216162199b28c13a410421893ffa2e32 -> 
  custom:video-decoder-ogg-theora: a1e56fd34408186e4bbccfd4996cb3dc -> 
  custom:container-muxer-webm: aa71ff27fc2769a1b78a27578f13a17b -> 
  custom:container-demuxer-webm: 4f35f7cbe854078d1ac9338744f61a02 -> 
  custom:video-encoder-webm-vp8: eb34c28f22e8b96e1ab97ce403110664 -> 
  custom:video-codec-MediaFoundation-h265: 746d11721c4dcdbdad8f713fa42b33f4 -> 
  custom:container-demuxer-ogg: 62fdf1f143b41e24485cea50d1cbac27 -> 
  custom:audio-decoder-ogg-vorbis: bf7c407c2cedff20999df2af8eb42d56 -> 
  custom:video-decoder-webm-vp8: 9c59270c3fd7afecdb556c50c9e8de78 -> 
  custom:audio-encoder-webm-vorbis: bf7c407c2cedff20999df2af8eb42d56 -> 
========================================================================
Received Prepare
Refreshing native plugins compatible for Editor in 19.46 ms, found 2 plugins.
Preloading 0 native plugins for Editor in 0.00 ms.
Unloading 48 Unused Serialized files (Serialized files now loaded: 0)
Unloading 47 unused Assets / (30.1 KB). Loaded Objects now: 2900.
Memory consumption went from 63.7 MB to 63.7 MB.
Total: 8.061600 ms (FindLiveObjects: 0.198800 ms CreateObjectMapping: 0.074800 ms MarkObjects: 7.746700 ms  DeleteObjects: 0.039800 ms)

AssetImportParameters requested are different than current active one (requested -> active):
  custom:framework-win-MediaFoundation: 216162199b28c13a410421893ffa2e32 -> 
  custom:video-decoder-ogg-theora: a1e56fd34408186e4bbccfd4996cb3dc -> 
  custom:container-muxer-webm: aa71ff27fc2769a1b78a27578f13a17b -> 
  custom:container-demuxer-webm: 4f35f7cbe854078d1ac9338744f61a02 -> 
  custom:video-encoder-webm-vp8: eb34c28f22e8b96e1ab97ce403110664 -> 
  custom:video-codec-MediaFoundation-h265: 746d11721c4dcdbdad8f713fa42b33f4 -> 
  custom:container-demuxer-ogg: 62fdf1f143b41e24485cea50d1cbac27 -> 
  custom:audio-decoder-ogg-vorbis: bf7c407c2cedff20999df2af8eb42d56 -> 
  custom:video-decoder-webm-vp8: 9c59270c3fd7afecdb556c50c9e8de78 -> 
  custom:audio-encoder-webm-vorbis: bf7c407c2cedff20999df2af8eb42d56 -> 
